2026-03-23 19:25:11 | WARNING | [93mGoogle Sheets not configured — set spreadsheet_id in config.py  (trades will still be saved to CSV)[0m
2026-03-23 19:25:11 | INFO    | [97m✅ Telegram connected — alerts will be sent to your phone[0m
2026-03-23 19:25:11 | INFO    | [97mBot initialised — balance: $1000.00[0m
2026-03-23 19:25:11 | INFO    | [97m═══ Bot started  symbol=SOLUSDT  tf=15m ═══[0m
2026-03-23 19:25:12 | DEBUG   | Klines from https://api.binance.com/api/v3/klines
2026-03-23 19:25:12 | DEBUG   | tick price=91.1600  pos=flat  bal=$1000.00
2026-03-23 19:25:22 | DEBUG   | Klines from https://api.binance.com/api/v3/klines
2026-03-23 19:25:23 | DEBUG   | tick price=91.0400  pos=flat  bal=$1000.00
2026-03-23 19:25:33 | DEBUG   | Klines from https://api.binance.com/api/v3/klines
2026-03-23 19:25:34 | DEBUG   | tick price=91.1000  pos=flat  bal=$1000.00
2026-03-23 19:25:44 | DEBUG   | Klines from https://api.binance.com/api/v3/klines
2026-03-23 19:25:44 | DEBUG   | tick price=91.1700  pos=flat  bal=$1000.00
2026-03-23 19:25:55 | DEBUG   | Klines from https://api.binance.com/api/v3/klines
2026-03-23 19:25:55 | DEBUG   | tick price=91.1200  pos=flat  bal=$1000.00
2026-03-23 19:26:05 | DEBUG   | Klines from https://api.binance.com/api/v3/klines
2026-03-23 19:26:06 | DEBUG   | tick price=91.1400  pos=flat  bal=$1000.00
2026-03-23 19:26:16 | DEBUG   | Klines from https://api.binance.com/api/v3/klines
2026-03-23 19:26:16 | DEBUG   | tick price=91.0700  pos=flat  bal=$1000.00
2026-03-23 19:26:27 | DEBUG   | Klines from https://api.binance.com/api/v3/klines
2026-03-23 19:26:27 | DEBUG   | tick price=91.0300  pos=flat  bal=$1000.00
2026-03-23 19:26:37 | DEBUG   | Klines from https://api.binance.com/api/v3/klines
2026-03-23 19:26:37 | DEBUG   | tick price=91.0200  pos=flat  bal=$1000.00
2026-03-23 19:26:48 | DEBUG   | Klines from https://api.binance.com/api/v3/klines
2026-03-23 19:26:48 | DEBUG   | tick price=91.0200  pos=flat  bal=$1000.00
2026-03-23 19:26:58 | DEBUG   | Klines from https://api.binance.com/api/v3/klines
2026-03-23 19:26:59 | DEBUG   | tick price=91.0200  pos=flat  bal=$1000.00
2026-03-23 19:27:09 | DEBUG   | Klines from https://api.binance.com/api/v3/klines
2026-03-23 19:27:09 | DEBUG   | tick price=91.0600  pos=flat  bal=$1000.00
2026-03-23 19:27:20 | DEBUG   | Klines from https://api.binance.com/api/v3/klines
2026-03-23 19:27:20 | DEBUG   | tick price=91.0600  pos=flat  bal=$1000.00
2026-03-23 19:27:30 | DEBUG   | Klines from https://api.binance.com/api/v3/klines
2026-03-23 19:27:30 | DEBUG   | tick price=91.0400  pos=flat  bal=$1000.00
2026-03-23 19:27:41 | DEBUG   | Klines from https://api.binance.com/api/v3/klines
2026-03-23 19:27:41 | DEBUG   | tick price=91.0500  pos=flat  bal=$1000.00
2026-03-23 19:27:51 | DEBUG   | Klines from https://api.binance.com/api/v3/klines
2026-03-23 19:27:52 | DEBUG   | tick price=91.1700  pos=flat  bal=$1000.00
2026-03-23 19:28:02 | DEBUG   | Klines from https://api.binance.com/api/v3/klines
2026-03-23 19:28:02 | DEBUG   | tick price=91.2000  pos=flat  bal=$1000.00
2026-03-23 19:28:12 | DEBUG   | Klines from https://api.binance.com/api/v3/klines
2026-03-23 19:28:13 | DEBUG   | tick price=91.1700  pos=flat  bal=$1000.00
2026-03-23 19:28:23 | DEBUG   | Klines from https://api.binance.com/api/v3/klines
2026-03-23 19:28:23 | DEBUG   | tick price=91.1900  pos=flat  bal=$1000.00
2026-03-23 19:28:34 | DEBUG   | Klines from https://api.binance.com/api/v3/klines
2026-03-23 19:28:34 | DEBUG   | tick price=91.1900  pos=flat  bal=$1000.00
2026-03-23 19:28:44 | DEBUG   | Klines from https://api.binance.com/api/v3/klines
2026-03-23 19:28:44 | DEBUG   | tick price=91.2400  pos=flat  bal=$1000.00
2026-03-23 19:28:55 | DEBUG   | Klines from https://api.binance.com/api/v3/klines
2026-03-23 19:28:55 | DEBUG   | tick price=91.2600  pos=flat  bal=$1000.00
2026-03-23 19:29:05 | DEBUG   | Klines from https://api.binance.com/api/v3/klines
2026-03-23 19:29:06 | DEBUG   | tick price=91.3500  pos=flat  bal=$1000.00
